<?xml version="1.0" encoding="UTF-8"?>
<!-- Generated by org.testng.reporters.JUnitXMLReporter -->
<testsuite ignored="0" hostname="LAPTOP-E5A8AHQ4" failures="0" tests="4" name="Test" time="0.062" errors="0" timestamp="2021-04-26T13:38:11 AEST">
  <testcase classname="qaclickacademy.AppiumTest" name="IOSApps" time="0.004"/>
  <testcase classname="qaclickacademy.AppiumTest" name="NativeAppAndroid" time="0.001"/>
  <testcase classname="qaclickacademy.SeleniumTest" name="BrowserAutomation" time="0.001"/>
  <testcase classname="qaclickacademy.SeleniumTest" name="ElementsUI" time="0.001"/>
</testsuite> <!-- Test -->
