<?xml version="1.0" encoding="UTF-8"?>
<testng-results ignored="0" total="4" passed="4" failed="0" skipped="0">
  <reporter-output>
  </reporter-output>
  <suite started-at="2021-04-26T13:38:11 AEST" name="Suite" finished-at="2021-04-26T13:38:11 AEST" duration-ms="62">
    <groups>
    </groups>
    <test started-at="2021-04-26T13:38:11 AEST" name="Test" finished-at="2021-04-26T13:38:11 AEST" duration-ms="62">
      <class name="qaclickacademy.AppiumTest">
        <test-method signature="IOSApps()[pri:0, instance:qaclickacademy.AppiumTest@79ad8b2f]" started-at="2021-04-26T13:38:11 AEST" name="IOSApps" finished-at="2021-04-26T13:38:11 AEST" duration-ms="4" status="PASS">
          <reporter-output>
          </reporter-output>
        </test-method> <!-- IOSApps -->
        <test-method signature="NativeAppAndroid()[pri:0, instance:qaclickacademy.AppiumTest@79ad8b2f]" started-at="2021-04-26T13:38:11 AEST" name="NativeAppAndroid" finished-at="2021-04-26T13:38:11 AEST" duration-ms="1" status="PASS">
          <reporter-output>
          </reporter-output>
        </test-method> <!-- NativeAppAndroid -->
      </class> <!-- qaclickacademy.AppiumTest -->
      <class name="qaclickacademy.SeleniumTest">
        <test-method signature="BrowserAutomation()[pri:0, instance:qaclickacademy.SeleniumTest@7f1302d6]" started-at="2021-04-26T13:38:11 AEST" name="BrowserAutomation" finished-at="2021-04-26T13:38:11 AEST" duration-ms="1" status="PASS">
          <reporter-output>
          </reporter-output>
        </test-method> <!-- BrowserAutomation -->
        <test-method signature="ElementsUI()[pri:0, instance:qaclickacademy.SeleniumTest@7f1302d6]" started-at="2021-04-26T13:38:11 AEST" name="ElementsUI" finished-at="2021-04-26T13:38:11 AEST" duration-ms="1" status="PASS">
          <reporter-output>
          </reporter-output>
        </test-method> <!-- ElementsUI -->
      </class> <!-- qaclickacademy.SeleniumTest -->
    </test> <!-- Test -->
  </suite> <!-- Suite -->
</testng-results>
